2024-10-17T09:11:58.441Z [INFO]: Logger initialized.
2024-10-17T09:12:13.184Z [INFO]: Logger initialized.
2024-10-17T09:13:53.364Z [INFO]: Logger initialized.
2024-10-17T09:14:42.623Z [INFO]: Logger initialized.
2024-10-17T09:19:09.482Z [ERROR]: Error processing transaction: Transaction numbers are only allowed on a replica set member or mongos
2024-10-17T09:20:58.417Z [INFO]: Logger initialized.
2024-10-17T09:21:30.926Z [ERROR]: Transaction not found: 6710d68d284d2cdc0d0243c3
2024-10-17T09:23:13.559Z [ERROR]: Transaction not found: 6710d782284d2cdc0d02443d
2024-10-17T17:49:23.127Z [INFO]: Logger initialized.
2024-10-17T17:51:04.762Z [INFO]: Logger initialized.
2024-10-17T17:53:33.943Z [INFO]: Logger initialized.
2024-10-17T17:53:42.066Z [INFO]: Transaction 670fef32f103454fa4501172 accepted, lender and borrower balances updated.
2024-10-17T17:56:13.184Z [INFO]: Transaction 67114fb1f669fcff97037d0f accepted, lender and borrower balances updated.
2024-10-17T17:57:20.917Z [INFO]: Logger initialized.
2024-10-17T18:02:37.110Z [INFO]: Transaction 671149032c790f387f8a2842 accepted, lender and borrower balances updated.
2024-10-17T18:04:35.519Z [INFO]: Transaction 671151286c5bb113f8121c91 accepted, lender and borrower balances updated.
2024-10-17T18:23:01.353Z [INFO]: Logger initialized.
2024-10-17T18:23:14.755Z [INFO]: Logger initialized.
2024-10-17T18:27:24.699Z [INFO]: Logger initialized.
2024-10-17T18:29:27.730Z [INFO]: Logger initialized.
2024-10-17T18:30:26.677Z [INFO]: Logger initialized.
2024-10-17T18:35:52.841Z [INFO]: Transaction 671158d857ca95ed34ed0e0e accepted, lender and borrower balances updated.
2024-10-17T18:44:09.216Z [INFO]: Logger initialized.
2024-10-17T18:45:10.353Z [INFO]: Transaction 67115b19a9ce45bf4b585632 accepted.
2024-10-17T18:47:51.034Z [INFO]: Logger initialized.
2024-10-17T18:47:52.360Z [INFO]: Logger initialized.
2024-10-17T18:49:10.418Z [INFO]: Transaction 67115c1ab977e4a9ceb4b6b5 accepted.
2024-10-17T18:57:20.151Z [INFO]: Logger initialized.
2024-10-18T07:51:45.583Z [INFO]: Logger initialized.
2024-10-18T07:52:49.040Z [INFO]: Logger initialized.
2024-10-18T07:55:09.032Z [INFO]: Logger initialized.
2024-10-18T09:08:12.533Z [ERROR]: Error processing transaction: Transaction numbers are only allowed on a replica set member or mongos
2024-10-18T09:09:56.455Z [INFO]: Logger initialized.
2024-10-18T09:11:35.064Z [ERROR]: Error processing transaction: Transaction numbers are only allowed on a replica set member or mongos
2024-10-18T09:12:01.900Z [ERROR]: Error processing transaction: Transaction numbers are only allowed on a replica set member or mongos
2024-10-18T09:19:40.645Z [INFO]: Logger initialized.
2024-10-18T12:08:47.820Z [ERROR]: Error processing transaction: Transaction numbers are only allowed on a replica set member or mongos
2024-10-18T12:11:35.394Z [INFO]: Logger initialized.
2024-10-18T12:11:45.741Z [INFO]: Logger initialized.
2024-10-18T12:12:01.249Z [INFO]: Logger initialized.
2024-10-18T12:13:19.704Z [INFO]: Logger initialized.
2024-10-18T12:13:23.846Z [INFO]: Logger initialized.
2024-10-18T12:13:32.227Z [INFO]: Logger initialized.
2024-10-18T12:13:42.786Z [INFO]: Transaction 6711123f076c17e9e7e0b903 accepted.
2024-10-18T12:14:49.619Z [INFO]: Logger initialized.
2024-10-18T12:16:43.912Z [INFO]: Transaction 6712519cb79eaf127a9c81d7 accepted.
2024-10-18T12:17:19.357Z [INFO]: Logger initialized.
2024-10-18T12:19:02.347Z [INFO]: Logger initialized.
2024-10-18T12:19:44.611Z [INFO]: Transaction 67125257e000a594edd86b07 accepted.
2024-10-18T12:22:33.131Z [INFO]: Transaction 671252e9e000a594edd86bdb accepted.
2024-10-18T12:25:20.296Z [INFO]: Logger initialized.
2024-10-18T12:29:48.874Z [INFO]: Logger initialized.
2024-10-18T12:30:16.514Z [INFO]: Logger initialized.
2024-10-18T12:30:56.849Z [INFO]: Logger initialized.
2024-10-18T12:33:52.403Z [INFO]: Transaction 67125573032d7c8ca9b785d8 accepted.
2024-10-18T12:36:57.536Z [ERROR]: Error processing transaction: connection <monitor> to 10.16.49.151:27017 timed out
2024-10-18T12:37:36.223Z [INFO]: Logger initialized.
2024-10-18T12:39:57.018Z [INFO]: Logger initialized.
2024-10-18T12:42:22.191Z [INFO]: Logger initialized.
2024-10-18T12:43:25.198Z [INFO]: Transaction 671257d8463a77d608a947f7 rejected.
2024-10-18T12:43:47.548Z [INFO]: Transaction 6710cb910b0fbe6ff68dd92b rejected.
2024-10-18T12:44:00.140Z [INFO]: Logger initialized.
2024-10-18T12:44:09.749Z [INFO]: Transaction 671257d8463a77d608a947f9 rejected.
2024-10-18T12:44:17.265Z [INFO]: Transaction 67112b4ee282bc46c0a12c77 rejected.
2024-10-18T12:44:20.489Z [INFO]: Transaction 671257d9463a77d608a94807 rejected.
2024-10-18T12:44:25.906Z [INFO]: Transaction 671255fd032d7c8ca9b787ba rejected.
2024-10-18T12:44:34.719Z [INFO]: Transaction 671257dd463a77d608a9480f rejected.
2024-10-18T12:44:46.923Z [INFO]: Transaction 671257dd463a77d608a94811 rejected.
2024-10-18T12:45:21.110Z [INFO]: Transaction 6712584d182b6dd3bbc25eae accepted.
2024-10-18T12:47:05.883Z [INFO]: Logger initialized.
2024-10-18T12:47:21.122Z [INFO]: Logger initialized.
2024-10-18T12:55:04.970Z [INFO]: Logger initialized.
2024-10-18T12:59:58.745Z [INFO]: Logger initialized.
2024-10-18T13:03:29.714Z [INFO]: Logger initialized.
2024-10-18T13:03:58.406Z [INFO]: Logger initialized.
2024-10-18T13:04:31.356Z [INFO]: Transaction 6710d57e284d2cdc0d024263 rejected.
2024-10-18T13:05:06.902Z [ERROR]: Insufficient balance for lender ID: 670e7274f5b95a0405f21d3b
2024-10-18T13:06:06.900Z [INFO]: Transaction 67125d2b73b6202fb79963b0 accepted.
2024-10-18T13:08:03.106Z [ERROR]: Insufficient balance for lender ID: 670e7274f5b95a0405f21d3b
2024-10-18T13:08:35.698Z [ERROR]: Insufficient balance for lender ID: 670e7274f5b95a0405f21d3b
2024-10-18T13:08:55.339Z [ERROR]: Insufficient balance for lender ID: 670e7274f5b95a0405f21d3b
2024-10-18T13:10:01.459Z [INFO]: Logger initialized.
2024-10-18T13:10:16.886Z [ERROR]: Insufficient balance for lender ID: 670e7274f5b95a0405f21d3b
2024-10-18T13:10:46.191Z [ERROR]: Insufficient balance for lender ID: 670e7274f5b95a0405f21d3b
2024-10-18T13:11:35.649Z [INFO]: Logger initialized.
2024-10-18T13:13:07.304Z [INFO]: Transaction 67125cec73b6202fb7996356 rejected.
2024-10-18T13:13:15.309Z [ERROR]: Insufficient balance for lender ID: 670e7274f5b95a0405f21d3b
2024-10-18T13:13:37.269Z [INFO]: Transaction 6710d069b0583dd86b5a6320 rejected.
2024-10-18T13:13:43.025Z [INFO]: Transaction 670ff028a8b7ae3864b24031 rejected.
2024-10-18T13:14:36.275Z [INFO]: Transaction 67125f25a198c10db4bb9eac accepted.
2024-10-18T13:21:52.643Z [INFO]: Logger initialized.
2024-10-18T13:28:50.843Z [INFO]: Logger initialized.
2024-10-18T13:29:38.788Z [INFO]: Logger initialized.
2024-10-18T13:32:40.464Z [INFO]: Logger initialized.
2024-10-18T13:32:59.636Z [INFO]: Logger initialized.
2024-10-18T13:33:37.454Z [INFO]: Logger initialized.
2024-10-18T13:34:01.332Z [INFO]: Logger initialized.
2024-10-18T13:36:00.146Z [INFO]: Logger initialized.
2024-10-18T13:37:04.277Z [INFO]: Logger initialized.
2024-10-18T13:37:48.420Z [INFO]: Logger initialized.
2024-10-18T13:39:28.499Z [INFO]: Logger initialized.
2024-10-18T13:40:31.613Z [INFO]: Logger initialized.
2024-10-18T13:40:51.735Z [INFO]: Logger initialized.
2024-10-18T13:42:12.197Z [INFO]: Logger initialized.
2024-10-18T13:42:45.689Z [INFO]: Logger initialized.
2024-10-18T13:43:12.835Z [INFO]: Logger initialized.
2024-10-18T13:43:30.202Z [INFO]: Logger initialized.
2024-10-18T13:44:22.783Z [INFO]: Logger initialized.
2024-10-18T13:45:11.055Z [INFO]: Logger initialized.
2024-10-18T13:45:59.730Z [INFO]: Logger initialized.
2024-10-18T13:46:08.000Z [INFO]: Logger initialized.
2024-10-18T13:49:02.704Z [INFO]: Logger initialized.
2024-10-18T15:42:52.914Z [INFO]: Logger initialized.
2024-10-18T15:46:36.974Z [INFO]: Logger initialized.
2024-10-18T15:49:39.587Z [INFO]: Logger initialized.
2024-10-18T15:50:48.730Z [INFO]: Logger initialized.
2024-10-18T15:51:38.519Z [INFO]: Logger initialized.
2024-10-18T15:52:17.887Z [INFO]: Logger initialized.
2024-10-18T15:53:02.818Z [INFO]: Logger initialized.
2024-10-18T15:55:21.204Z [INFO]: Transaction 671284dc8abcb915472110d6 accepted.
2024-10-18T15:57:42.408Z [INFO]: Logger initialized.
2024-10-18T15:57:50.510Z [INFO]: Logger initialized.
2024-10-18T15:59:36.292Z [INFO]: Logger initialized.
2024-10-18T16:08:32.874Z [INFO]: Transaction 671287f02531a0b290ce6ad9 accepted.
2024-10-18T16:09:30.175Z [INFO]: Logger initialized.
2024-10-18T16:12:59.249Z [INFO]: Logger initialized.
2024-10-18T16:14:41.255Z [INFO]: Logger initialized.
2024-10-18T16:15:57.114Z [ERROR]: Error processing transaction: Transaction validation failed: transaction_status: Path `transaction_status` is required., lending_id: Path `lending_id` is required., interest_rate: Path `interest_rate` is required.
2024-10-18T16:16:39.162Z [INFO]: Logger initialized.
2024-10-18T16:16:55.917Z [ERROR]: Error processing transaction: Transaction validation failed: transaction_status: Path `transaction_status` is required., lending_id: Path `lending_id` is required.
2024-10-18T16:17:14.530Z [INFO]: Logger initialized.
2024-10-18T16:17:20.654Z [INFO]: Transaction 671289ac4f7db68ced804824 accepted.
2024-10-18T16:23:39.092Z [INFO]: Logger initialized.
2024-10-18T16:25:05.857Z [INFO]: Logger initialized.
2024-10-18T16:27:39.365Z [INFO]: Logger initialized.
2024-10-18T16:27:59.902Z [INFO]: Transaction 67128c86390cdd81a289e6c1 accepted.
2024-10-18T16:34:03.609Z [INFO]: Transaction 67128de4390cdd81a289e793 accepted.
2024-10-18T16:40:03.520Z [INFO]: Logger initialized.
2024-10-18T16:40:14.081Z [INFO]: Logger initialized.
2024-10-18T16:41:09.496Z [INFO]: Logger initialized.
2024-10-18T16:41:16.706Z [INFO]: Logger initialized.
2024-10-18T16:41:42.450Z [INFO]: Logger initialized.
2024-10-18T16:42:13.049Z [INFO]: Logger initialized.
2024-10-18T16:54:32.078Z [INFO]: Logger initialized.
2024-10-18T16:56:00.318Z [INFO]: Logger initialized.
2024-10-18T16:57:09.517Z [INFO]: Logger initialized.
2024-10-18T16:57:37.748Z [INFO]: Logger initialized.
2024-10-18T16:59:41.446Z [INFO]: Logger initialized.
2024-10-18T16:59:43.925Z [INFO]: Logger initialized.
2024-10-18T17:05:19.275Z [INFO]: Transaction 671295352d4b86c2929e056a accepted.
2024-10-18T17:07:34.144Z [INFO]: Logger initialized.
2024-10-18T17:11:17.409Z [INFO]: Logger initialized.
2024-10-18T17:14:23.497Z [INFO]: Transaction 6711495a59e65bd3122930e3 accepted.
2024-10-18T17:15:00.596Z [INFO]: Transaction 671297697ecd6e8349bbc96e accepted.
2024-10-18T17:20:15.781Z [INFO]: Logger initialized.
2024-10-18T17:21:16.115Z [INFO]: Logger initialized.
2024-10-18T17:22:44.126Z [INFO]: Transaction 671292589a221e1ec1c689b4 accepted.
2024-10-18T17:25:30.290Z [INFO]: Logger initialized.
2024-10-18T17:30:32.803Z [INFO]: Logger initialized.
2024-10-18T17:30:33.425Z [INFO]: Logger initialized.
2024-10-18T17:30:41.144Z [INFO]: Logger initialized.
2024-10-18T17:30:46.420Z [INFO]: Logger initialized.
2024-10-18T17:30:52.479Z [INFO]: Logger initialized.
2024-10-18T17:30:57.363Z [INFO]: Logger initialized.
2024-10-18T17:32:49.877Z [INFO]: Logger initialized.
2024-10-18T17:33:09.050Z [INFO]: Logger initialized.
2024-10-18T17:33:16.159Z [INFO]: Logger initialized.
2024-10-18T17:35:51.963Z [INFO]: Logger initialized.
2024-10-18T17:52:38.421Z [INFO]: Logger initialized.
2024-10-18T18:01:40.210Z [INFO]: Logger initialized.
2024-10-18T18:05:06.454Z [INFO]: Logger initialized.
2024-10-18T18:05:10.767Z [INFO]: Logger initialized.
2024-10-18T18:08:15.342Z [INFO]: Logger initialized.
2024-10-18T18:08:20.658Z [INFO]: Logger initialized.
2024-10-18T18:10:49.273Z [INFO]: Logger initialized.
2024-10-18T18:11:55.269Z [INFO]: Logger initialized.
2024-10-18T18:12:11.301Z [INFO]: Logger initialized.
2024-10-18T18:21:36.193Z [INFO]: Logger initialized.
2024-10-18T18:21:47.819Z [INFO]: Logger initialized.
2024-10-18T18:22:56.412Z [INFO]: Logger initialized.
2024-10-18T18:23:09.542Z [INFO]: Logger initialized.
2024-10-18T18:23:12.070Z [INFO]: Logger initialized.
2024-10-18T18:24:30.447Z [INFO]: Logger initialized.
2024-10-18T18:34:44.340Z [INFO]: Logger initialized.
2024-10-18T18:38:33.409Z [INFO]: Logger initialized.
2024-10-18T18:38:39.088Z [INFO]: Logger initialized.
2024-10-18T18:39:07.442Z [INFO]: Logger initialized.
2024-10-18T18:39:10.692Z [INFO]: Logger initialized.
2024-10-18T18:39:51.911Z [INFO]: Logger initialized.
2024-10-18T18:40:44.224Z [INFO]: Logger initialized.
2024-10-18T18:40:47.808Z [INFO]: Logger initialized.
2024-10-18T18:47:18.325Z [INFO]: Transaction 6712ad025f574ced284d71ba accepted.
2024-10-18T18:48:17.009Z [INFO]: Transaction 6712ad695f574ced284d7222 accepted.
2024-10-18T18:53:26.339Z [INFO]: Transaction 6712ae985f574ced284d72f0 accepted.
2024-10-18T18:58:10.608Z [INFO]: Transaction 6712afad5f574ced284d7355 accepted.
2024-10-18T18:59:37.386Z [INFO]: Transaction 6712b0105f574ced284d742d accepted.
